1528932774885	geckodriver	INFO	geckodriver 0.20.1
1528932774889	geckodriver	INFO	Listening on 127.0.0.1:54439
1528932775891	mozrunner::runner	INFO	Running command: "/usr/bin/firefox" "-marionette" "-profile" "/tmp/rust_mozprofile.7w89gVWbKhYi"
1528932779906	Marionette	INFO	Listening on port 40406
1528932780001	Marionette	WARN	TLS certificate errors will be ignored for this session
1528932780215	addons.xpi	WARN	Exception running bootstrap method shutdown on activity-stream@mozilla.org: [Exception... "Component returned failure code: 0x80004005 (NS_ERROR_FAILURE) [nsIObserverService.removeObserver]"  nsresult: "0x80004005 (NS_ERROR_FAILURE)"  location: "JS frame :: resource://activity-stream/lib/SnippetsFeed.jsm :: uninit :: line 185"  data: no] Stack trace: uninit()@resource://activity-stream/lib/SnippetsFeed.jsm:185
onAction()@resource://activity-stream/lib/SnippetsFeed.jsm:201
_middleware/</<()@resource://activity-stream/lib/Store.jsm:49
Store/this[method]()@resource://activity-stream/lib/Store.jsm:28
uninit()@resource://activity-stream/lib/Store.jsm:151
uninit()@resource://activity-stream/lib/ActivityStream.jsm:300
uninit()@resource://gre/modules/addons/XPIProvider.jsm -> jar:file:///usr/lib/firefox/browser/features/activity-stream@mozilla.org.xpi!/bootstrap.js:73
shutdown()@resource://gre/modules/addons/XPIProvider.jsm -> jar:file:///usr/lib/firefox/browser/features/activity-stream@mozilla.org.xpi!/bootstrap.js:169
callBootstrapMethod()@resource://gre/modules/addons/XPIProvider.jsm:4436
observe()@resource://gre/modules/addons/XPIProvider.jsm:2287
GeckoDriver.prototype.quit()@driver.js:3300
despatch()@server.js:293
execute()@server.js:267
onPacket/<()@server.js:242
onPacket()@server.js:241
_onJSONObjectReady/<()@transport.js:500
console.error: PushService: 
  clearOriginData: Error clearing origin data:
  UnknownError
console.error: PushService: 
  stateChangeProcessEnqueue: Error transitioning state
  UnknownError
*** UTM:SVC TimerManager:registerTimer called after profile-before-change notification. Ignoring timer registration for id: telemetry_modules_ping
1528932792075	geckodriver	INFO	geckodriver 0.20.1
1528932792079	geckodriver	INFO	Listening on 127.0.0.1:41864
1528932793089	mozrunner::runner	INFO	Running command: "/usr/bin/firefox" "-marionette" "-profile" "/tmp/rust_mozprofile.SVBEKsNSgecm"
1528932796557	Marionette	INFO	Listening on port 36157
1528932796602	Marionette	WARN	TLS certificate errors will be ignored for this session
1528932796899	addons.xpi	WARN	Exception running bootstrap method shutdown on activity-stream@mozilla.org: [Exception... "Component returned failure code: 0x80004005 (NS_ERROR_FAILURE) [nsIObserverService.removeObserver]"  nsresult: "0x80004005 (NS_ERROR_FAILURE)"  location: "JS frame :: resource://activity-stream/lib/SnippetsFeed.jsm :: uninit :: line 185"  data: no] Stack trace: uninit()@resource://activity-stream/lib/SnippetsFeed.jsm:185
onAction()@resource://activity-stream/lib/SnippetsFeed.jsm:201
_middleware/</<()@resource://activity-stream/lib/Store.jsm:49
Store/this[method]()@resource://activity-stream/lib/Store.jsm:28
uninit()@resource://activity-stream/lib/Store.jsm:151
uninit()@resource://activity-stream/lib/ActivityStream.jsm:300
uninit()@resource://gre/modules/addons/XPIProvider.jsm -> jar:file:///usr/lib/firefox/browser/features/activity-stream@mozilla.org.xpi!/bootstrap.js:73
shutdown()@resource://gre/modules/addons/XPIProvider.jsm -> jar:file:///usr/lib/firefox/browser/features/activity-stream@mozilla.org.xpi!/bootstrap.js:169
callBootstrapMethod()@resource://gre/modules/addons/XPIProvider.jsm:4436
observe()@resource://gre/modules/addons/XPIProvider.jsm:2287
GeckoDriver.prototype.quit()@driver.js:3300
despatch()@server.js:293
execute()@server.js:267
onPacket/<()@server.js:242
onPacket()@server.js:241
_onJSONObjectReady/<()@transport.js:500
JavaScript error: resource://gre/modules/Sqlite.jsm, line 826: Error: Connection is not open.
JavaScript error: resource://gre/modules/Sqlite.jsm, line 826: Error: Connection is not open.
JavaScript error: resource://gre/modules/Sqlite.jsm, line 826: Error: Connection is not open.
JavaScript error: resource://gre/modules/Sqlite.jsm, line 826: Error: Connection is not open.
JavaScript error: resource://gre/modules/Sqlite.jsm, line 826: Error: Connection is not open.
JavaScript error: resource://gre/modules/Sqlite.jsm, line 826: Error: Connection is not open.
JavaScript error: resource://gre/modules/Sqlite.jsm, line 826: Error: Connection is not open.
console.error: PushService: 
  clearOriginData: Error clearing origin data:
  UnknownError
console.error: PushService: 
  stateChangeProcessEnqueue: Error transitioning state
  UnknownError
*** UTM:SVC TimerManager:registerTimer called after profile-before-change notification. Ignoring timer registration for id: telemetry_modules_ping
1528933327081	geckodriver	INFO	geckodriver 0.20.1
1528933327084	geckodriver	INFO	Listening on 127.0.0.1:54795
1528933328089	mozrunner::runner	INFO	Running command: "/usr/bin/firefox" "-marionette" "-profile" "/tmp/rust_mozprofile.DZ55UAvt1KRc"
1528933331491	Marionette	INFO	Listening on port 46153
1528933331499	Marionette	WARN	TLS certificate errors will be ignored for this session
1528933331798	addons.xpi	WARN	Exception running bootstrap method shutdown on activity-stream@mozilla.org: [Exception... "Component returned failure code: 0x80004005 (NS_ERROR_FAILURE) [nsIObserverService.removeObserver]"  nsresult: "0x80004005 (NS_ERROR_FAILURE)"  location: "JS frame :: resource://activity-stream/lib/SnippetsFeed.jsm :: uninit :: line 185"  data: no] Stack trace: uninit()@resource://activity-stream/lib/SnippetsFeed.jsm:185
onAction()@resource://activity-stream/lib/SnippetsFeed.jsm:201
_middleware/</<()@resource://activity-stream/lib/Store.jsm:49
Store/this[method]()@resource://activity-stream/lib/Store.jsm:28
uninit()@resource://activity-stream/lib/Store.jsm:151
uninit()@resource://activity-stream/lib/ActivityStream.jsm:300
uninit()@resource://gre/modules/addons/XPIProvider.jsm -> jar:file:///usr/lib/firefox/browser/features/activity-stream@mozilla.org.xpi!/bootstrap.js:73
shutdown()@resource://gre/modules/addons/XPIProvider.jsm -> jar:file:///usr/lib/firefox/browser/features/activity-stream@mozilla.org.xpi!/bootstrap.js:169
callBootstrapMethod()@resource://gre/modules/addons/XPIProvider.jsm:4436
observe()@resource://gre/modules/addons/XPIProvider.jsm:2287
GeckoDriver.prototype.quit()@driver.js:3300
despatch()@server.js:293
execute()@server.js:267
onPacket/<()@server.js:242
onPacket()@server.js:241
_onJSONObjectReady/<()@transport.js:500
JavaScript error: resource://gre/modules/Sqlite.jsm, line 826: Error: Connection is not open.
JavaScript error: resource://gre/modules/Sqlite.jsm, line 826: Error: Connection is not open.
JavaScript error: resource://gre/modules/Sqlite.jsm, line 826: Error: Connection is not open.
JavaScript error: resource://gre/modules/Sqlite.jsm, line 826: Error: Connection is not open.
JavaScript error: resource://gre/modules/Sqlite.jsm, line 826: Error: Connection is not open.
JavaScript error: resource://gre/modules/Sqlite.jsm, line 826: Error: Connection is not open.
console.error: PushService: 
  clearOriginData: Error clearing origin data:
  UnknownError
console.error: PushService: 
  stateChangeProcessEnqueue: Error transitioning state
  UnknownError
*** UTM:SVC TimerManager:registerTimer called after profile-before-change notification. Ignoring timer registration for id: telemetry_modules_ping
1528933334455	geckodriver	INFO	geckodriver 0.20.1
1528933334459	geckodriver	INFO	Listening on 127.0.0.1:60526
1528933335467	mozrunner::runner	INFO	Running command: "/usr/bin/firefox" "-marionette" "-profile" "/tmp/rust_mozprofile.5nNGrrlEKhhp"
1528933337514	Marionette	INFO	Listening on port 40166
1528933337574	Marionette	WARN	TLS certificate errors will be ignored for this session
1528933337909	addons.xpi	WARN	Exception running bootstrap method shutdown on activity-stream@mozilla.org: [Exception... "Component returned failure code: 0x80004005 (NS_ERROR_FAILURE) [nsIObserverService.removeObserver]"  nsresult: "0x80004005 (NS_ERROR_FAILURE)"  location: "JS frame :: resource://activity-stream/lib/SnippetsFeed.jsm :: uninit :: line 185"  data: no] Stack trace: uninit()@resource://activity-stream/lib/SnippetsFeed.jsm:185
onAction()@resource://activity-stream/lib/SnippetsFeed.jsm:201
_middleware/</<()@resource://activity-stream/lib/Store.jsm:49
Store/this[method]()@resource://activity-stream/lib/Store.jsm:28
uninit()@resource://activity-stream/lib/Store.jsm:151
uninit()@resource://activity-stream/lib/ActivityStream.jsm:300
uninit()@resource://gre/modules/addons/XPIProvider.jsm -> jar:file:///usr/lib/firefox/browser/features/activity-stream@mozilla.org.xpi!/bootstrap.js:73
shutdown()@resource://gre/modules/addons/XPIProvider.jsm -> jar:file:///usr/lib/firefox/browser/features/activity-stream@mozilla.org.xpi!/bootstrap.js:169
callBootstrapMethod()@resource://gre/modules/addons/XPIProvider.jsm:4436
observe()@resource://gre/modules/addons/XPIProvider.jsm:2287
GeckoDriver.prototype.quit()@driver.js:3300
despatch()@server.js:293
execute()@server.js:267
onPacket/<()@server.js:242
onPacket()@server.js:241
_onJSONObjectReady/<()@transport.js:500
console.error: PushService: 
  clearOriginData: Error clearing origin data:
  UnknownError
console.error: PushService: 
  stateChangeProcessEnqueue: Error transitioning state
  UnknownError
*** UTM:SVC TimerManager:registerTimer called after profile-before-change notification. Ignoring timer registration for id: telemetry_modules_ping
1528933339969	geckodriver	INFO	geckodriver 0.20.1
1528933339972	geckodriver	INFO	Listening on 127.0.0.1:34395
1528933340977	mozrunner::runner	INFO	Running command: "/usr/bin/firefox" "-marionette" "-profile" "/tmp/rust_mozprofile.2h1Vlo2OaacH"
1528933344633	Marionette	INFO	Listening on port 34805
1528933344692	Marionette	WARN	TLS certificate errors will be ignored for this session
1528933344984	addons.xpi	WARN	Exception running bootstrap method shutdown on activity-stream@mozilla.org: [Exception... "Component returned failure code: 0x80004005 (NS_ERROR_FAILURE) [nsIObserverService.removeObserver]"  nsresult: "0x80004005 (NS_ERROR_FAILURE)"  location: "JS frame :: resource://activity-stream/lib/SnippetsFeed.jsm :: uninit :: line 185"  data: no] Stack trace: uninit()@resource://activity-stream/lib/SnippetsFeed.jsm:185
onAction()@resource://activity-stream/lib/SnippetsFeed.jsm:201
_middleware/</<()@resource://activity-stream/lib/Store.jsm:49
Store/this[method]()@resource://activity-stream/lib/Store.jsm:28
uninit()@resource://activity-stream/lib/Store.jsm:151
uninit()@resource://activity-stream/lib/ActivityStream.jsm:300
uninit()@resource://gre/modules/addons/XPIProvider.jsm -> jar:file:///usr/lib/firefox/browser/features/activity-stream@mozilla.org.xpi!/bootstrap.js:73
shutdown()@resource://gre/modules/addons/XPIProvider.jsm -> jar:file:///usr/lib/firefox/browser/features/activity-stream@mozilla.org.xpi!/bootstrap.js:169
callBootstrapMethod()@resource://gre/modules/addons/XPIProvider.jsm:4436
observe()@resource://gre/modules/addons/XPIProvider.jsm:2287
GeckoDriver.prototype.quit()@driver.js:3300
despatch()@server.js:293
execute()@server.js:267
onPacket/<()@server.js:242
onPacket()@server.js:241
_onJSONObjectReady/<()@transport.js:500
JavaScript error: resource://gre/modules/Sqlite.jsm, line 826: Error: Connection is not open.
JavaScript error: resource://gre/modules/Sqlite.jsm, line 826: Error: Connection is not open.
JavaScript error: resource://gre/modules/Sqlite.jsm, line 826: Error: Connection is not open.
JavaScript error: resource://gre/modules/Sqlite.jsm, line 826: Error: Connection is not open.
JavaScript error: resource://gre/modules/Sqlite.jsm, line 826: Error: Connection is not open.
JavaScript error: resource://gre/modules/Sqlite.jsm, line 826: Error: Connection is not open.
console.error: PushService: 
  clearOriginData: Error clearing origin data:
  UnknownError
console.error: PushService: 
  stateChangeProcessEnqueue: Error transitioning state
  UnknownError
*** UTM:SVC TimerManager:registerTimer called after profile-before-change notification. Ignoring timer registration for id: telemetry_modules_ping
1528933347151	geckodriver	INFO	geckodriver 0.20.1
1528933347155	geckodriver	INFO	Listening on 127.0.0.1:43675
1528933348157	mozrunner::runner	INFO	Running command: "/usr/bin/firefox" "-marionette" "-profile" "/tmp/rust_mozprofile.mYrE7IQkfjl1"
1528933352136	Marionette	INFO	Listening on port 34579
1528933352169	Marionette	WARN	TLS certificate errors will be ignored for this session
1528933352487	addons.xpi	WARN	Exception running bootstrap method shutdown on activity-stream@mozilla.org: [Exception... "Component returned failure code: 0x80004005 (NS_ERROR_FAILURE) [nsIObserverService.removeObserver]"  nsresult: "0x80004005 (NS_ERROR_FAILURE)"  location: "JS frame :: resource://activity-stream/lib/SnippetsFeed.jsm :: uninit :: line 185"  data: no] Stack trace: uninit()@resource://activity-stream/lib/SnippetsFeed.jsm:185
onAction()@resource://activity-stream/lib/SnippetsFeed.jsm:201
_middleware/</<()@resource://activity-stream/lib/Store.jsm:49
Store/this[method]()@resource://activity-stream/lib/Store.jsm:28
uninit()@resource://activity-stream/lib/Store.jsm:151
uninit()@resource://activity-stream/lib/ActivityStream.jsm:300
uninit()@resource://gre/modules/addons/XPIProvider.jsm -> jar:file:///usr/lib/firefox/browser/features/activity-stream@mozilla.org.xpi!/bootstrap.js:73
shutdown()@resource://gre/modules/addons/XPIProvider.jsm -> jar:file:///usr/lib/firefox/browser/features/activity-stream@mozilla.org.xpi!/bootstrap.js:169
callBootstrapMethod()@resource://gre/modules/addons/XPIProvider.jsm:4436
observe()@resource://gre/modules/addons/XPIProvider.jsm:2287
GeckoDriver.prototype.quit()@driver.js:3300
despatch()@server.js:293
execute()@server.js:267
onPacket/<()@server.js:242
onPacket()@server.js:241
_onJSONObjectReady/<()@transport.js:500
JavaScript error: resource://gre/modules/Sqlite.jsm, line 826: Error: Connection is not open.
JavaScript error: resource://gre/modules/Sqlite.jsm, line 826: Error: Connection is not open.
JavaScript error: resource://gre/modules/Sqlite.jsm, line 826: Error: Connection is not open.
JavaScript error: resource://gre/modules/Sqlite.jsm, line 826: Error: Connection is not open.
JavaScript error: resource://gre/modules/Sqlite.jsm, line 826: Error: Connection is not open.
JavaScript error: resource://gre/modules/Sqlite.jsm, line 826: Error: Connection is not open.
console.error: PushService: 
  clearOriginData: Error clearing origin data:
  UnknownError
console.error: PushService: 
  stateChangeProcessEnqueue: Error transitioning state
  UnknownError
*** UTM:SVC TimerManager:registerTimer called after profile-before-change notification. Ignoring timer registration for id: telemetry_modules_ping
1528933355026	geckodriver	INFO	geckodriver 0.20.1
1528933355030	geckodriver	INFO	Listening on 127.0.0.1:43674
1528933356035	mozrunner::runner	INFO	Running command: "/usr/bin/firefox" "-marionette" "-profile" "/tmp/rust_mozprofile.b9UZOwQjdZgI"
1528933360025	Marionette	INFO	Listening on port 41368
1528933360056	Marionette	WARN	TLS certificate errors will be ignored for this session
1528933360334	addons.xpi	WARN	Exception running bootstrap method shutdown on activity-stream@mozilla.org: [Exception... "Component returned failure code: 0x80004005 (NS_ERROR_FAILURE) [nsIObserverService.removeObserver]"  nsresult: "0x80004005 (NS_ERROR_FAILURE)"  location: "JS frame :: resource://activity-stream/lib/SnippetsFeed.jsm :: uninit :: line 185"  data: no] Stack trace: uninit()@resource://activity-stream/lib/SnippetsFeed.jsm:185
onAction()@resource://activity-stream/lib/SnippetsFeed.jsm:201
_middleware/</<()@resource://activity-stream/lib/Store.jsm:49
Store/this[method]()@resource://activity-stream/lib/Store.jsm:28
uninit()@resource://activity-stream/lib/Store.jsm:151
uninit()@resource://activity-stream/lib/ActivityStream.jsm:300
uninit()@resource://gre/modules/addons/XPIProvider.jsm -> jar:file:///usr/lib/firefox/browser/features/activity-stream@mozilla.org.xpi!/bootstrap.js:73
shutdown()@resource://gre/modules/addons/XPIProvider.jsm -> jar:file:///usr/lib/firefox/browser/features/activity-stream@mozilla.org.xpi!/bootstrap.js:169
callBootstrapMethod()@resource://gre/modules/addons/XPIProvider.jsm:4436
observe()@resource://gre/modules/addons/XPIProvider.jsm:2287
GeckoDriver.prototype.quit()@driver.js:3300
despatch()@server.js:293
execute()@server.js:267
onPacket/<()@server.js:242
onPacket()@server.js:241
_onJSONObjectReady/<()@transport.js:500
JavaScript error: resource://gre/modules/Sqlite.jsm, line 826: Error: Connection is not open.
JavaScript error: resource://gre/modules/Sqlite.jsm, line 826: Error: Connection is not open.
JavaScript error: resource://gre/modules/Sqlite.jsm, line 826: Error: Connection is not open.
JavaScript error: resource://gre/modules/Sqlite.jsm, line 826: Error: Connection is not open.
JavaScript error: resource://gre/modules/Sqlite.jsm, line 826: Error: Connection is not open.
JavaScript error: resource://gre/modules/Sqlite.jsm, line 826: Error: Connection is not open.
console.error: PushService: 
  clearOriginData: Error clearing origin data:
  UnknownError
console.error: PushService: 
  stateChangeProcessEnqueue: Error transitioning state
  UnknownError
*** UTM:SVC TimerManager:registerTimer called after profile-before-change notification. Ignoring timer registration for id: telemetry_modules_ping
1528933362370	geckodriver	INFO	geckodriver 0.20.1
1528933362373	geckodriver	INFO	Listening on 127.0.0.1:36758
1528933363376	mozrunner::runner	INFO	Running command: "/usr/bin/firefox" "-marionette" "-profile" "/tmp/rust_mozprofile.gMIGnFn4nrYA"
1528933367632	Marionette	INFO	Listening on port 36459
1528933367690	Marionette	WARN	TLS certificate errors will be ignored for this session
1528933367964	addons.xpi	WARN	Exception running bootstrap method shutdown on activity-stream@mozilla.org: [Exception... "Component returned failure code: 0x80004005 (NS_ERROR_FAILURE) [nsIObserverService.removeObserver]"  nsresult: "0x80004005 (NS_ERROR_FAILURE)"  location: "JS frame :: resource://activity-stream/lib/SnippetsFeed.jsm :: uninit :: line 185"  data: no] Stack trace: uninit()@resource://activity-stream/lib/SnippetsFeed.jsm:185
onAction()@resource://activity-stream/lib/SnippetsFeed.jsm:201
_middleware/</<()@resource://activity-stream/lib/Store.jsm:49
Store/this[method]()@resource://activity-stream/lib/Store.jsm:28
uninit()@resource://activity-stream/lib/Store.jsm:151
uninit()@resource://activity-stream/lib/ActivityStream.jsm:300
uninit()@resource://gre/modules/addons/XPIProvider.jsm -> jar:file:///usr/lib/firefox/browser/features/activity-stream@mozilla.org.xpi!/bootstrap.js:73
shutdown()@resource://gre/modules/addons/XPIProvider.jsm -> jar:file:///usr/lib/firefox/browser/features/activity-stream@mozilla.org.xpi!/bootstrap.js:169
callBootstrapMethod()@resource://gre/modules/addons/XPIProvider.jsm:4436
observe()@resource://gre/modules/addons/XPIProvider.jsm:2287
GeckoDriver.prototype.quit()@driver.js:3300
despatch()@server.js:293
execute()@server.js:267
onPacket/<()@server.js:242
onPacket()@server.js:241
_onJSONObjectReady/<()@transport.js:500
JavaScript error: resource://gre/modules/Sqlite.jsm, line 826: Error: Connection is not open.
JavaScript error: resource://gre/modules/Sqlite.jsm, line 826: Error: Connection is not open.
JavaScript error: resource://gre/modules/Sqlite.jsm, line 826: Error: Connection is not open.
JavaScript error: resource://gre/modules/Sqlite.jsm, line 826: Error: Connection is not open.
JavaScript error: resource://gre/modules/Sqlite.jsm, line 826: Error: Connection is not open.
JavaScript error: resource://gre/modules/Sqlite.jsm, line 826: Error: Connection is not open.
console.error: PushService: 
  clearOriginData: Error clearing origin data:
  UnknownError
console.error: PushService: 
  stateChangeProcessEnqueue: Error transitioning state
  UnknownError
*** UTM:SVC TimerManager:registerTimer called after profile-before-change notification. Ignoring timer registration for id: telemetry_modules_ping
1528933370220	geckodriver	INFO	geckodriver 0.20.1
1528933370224	geckodriver	INFO	Listening on 127.0.0.1:48414
1528933371230	mozrunner::runner	INFO	Running command: "/usr/bin/firefox" "-marionette" "-profile" "/tmp/rust_mozprofile.JeQxVqHI0B1J"
1528933374722	Marionette	INFO	Listening on port 39996
1528933374743	Marionette	WARN	TLS certificate errors will be ignored for this session
1528933375048	addons.xpi	WARN	Exception running bootstrap method shutdown on activity-stream@mozilla.org: [Exception... "Component returned failure code: 0x80004005 (NS_ERROR_FAILURE) [nsIObserverService.removeObserver]"  nsresult: "0x80004005 (NS_ERROR_FAILURE)"  location: "JS frame :: resource://activity-stream/lib/SnippetsFeed.jsm :: uninit :: line 185"  data: no] Stack trace: uninit()@resource://activity-stream/lib/SnippetsFeed.jsm:185
onAction()@resource://activity-stream/lib/SnippetsFeed.jsm:201
_middleware/</<()@resource://activity-stream/lib/Store.jsm:49
Store/this[method]()@resource://activity-stream/lib/Store.jsm:28
uninit()@resource://activity-stream/lib/Store.jsm:151
uninit()@resource://activity-stream/lib/ActivityStream.jsm:300
uninit()@resource://gre/modules/addons/XPIProvider.jsm -> jar:file:///usr/lib/firefox/browser/features/activity-stream@mozilla.org.xpi!/bootstrap.js:73
shutdown()@resource://gre/modules/addons/XPIProvider.jsm -> jar:file:///usr/lib/firefox/browser/features/activity-stream@mozilla.org.xpi!/bootstrap.js:169
callBootstrapMethod()@resource://gre/modules/addons/XPIProvider.jsm:4436
observe()@resource://gre/modules/addons/XPIProvider.jsm:2287
GeckoDriver.prototype.quit()@driver.js:3300
despatch()@server.js:293
execute()@server.js:267
onPacket/<()@server.js:242
onPacket()@server.js:241
_onJSONObjectReady/<()@transport.js:500
JavaScript error: resource://gre/modules/Sqlite.jsm, line 826: Error: Connection is not open.
JavaScript error: resource://gre/modules/Sqlite.jsm, line 826: Error: Connection is not open.
JavaScript error: resource://gre/modules/Sqlite.jsm, line 826: Error: Connection is not open.
JavaScript error: resource://gre/modules/Sqlite.jsm, line 826: Error: Connection is not open.
JavaScript error: resource://gre/modules/Sqlite.jsm, line 826: Error: Connection is not open.
JavaScript error: resource://gre/modules/Sqlite.jsm, line 826: Error: Connection is not open.
console.error: PushService: 
  clearOriginData: Error clearing origin data:
  UnknownError
console.error: PushService: 
  stateChangeProcessEnqueue: Error transitioning state
  UnknownError
*** UTM:SVC TimerManager:registerTimer called after profile-before-change notification. Ignoring timer registration for id: telemetry_modules_ping
1528933386547	geckodriver	INFO	geckodriver 0.20.1
1528933386551	geckodriver	INFO	Listening on 127.0.0.1:49556
1528933387553	mozrunner::runner	INFO	Running command: "/usr/bin/firefox" "-marionette" "-profile" "/tmp/rust_mozprofile.VLMgidXHijOo"
1528933391215	Marionette	INFO	Listening on port 42904
1528933391269	Marionette	WARN	TLS certificate errors will be ignored for this session
1528933391566	addons.xpi	WARN	Exception running bootstrap method shutdown on activity-stream@mozilla.org: [Exception... "Component returned failure code: 0x80004005 (NS_ERROR_FAILURE) [nsIObserverService.removeObserver]"  nsresult: "0x80004005 (NS_ERROR_FAILURE)"  location: "JS frame :: resource://activity-stream/lib/SnippetsFeed.jsm :: uninit :: line 185"  data: no] Stack trace: uninit()@resource://activity-stream/lib/SnippetsFeed.jsm:185
onAction()@resource://activity-stream/lib/SnippetsFeed.jsm:201
_middleware/</<()@resource://activity-stream/lib/Store.jsm:49
Store/this[method]()@resource://activity-stream/lib/Store.jsm:28
uninit()@resource://activity-stream/lib/Store.jsm:151
uninit()@resource://activity-stream/lib/ActivityStream.jsm:300
uninit()@resource://gre/modules/addons/XPIProvider.jsm -> jar:file:///usr/lib/firefox/browser/features/activity-stream@mozilla.org.xpi!/bootstrap.js:73
shutdown()@resource://gre/modules/addons/XPIProvider.jsm -> jar:file:///usr/lib/firefox/browser/features/activity-stream@mozilla.org.xpi!/bootstrap.js:169
callBootstrapMethod()@resource://gre/modules/addons/XPIProvider.jsm:4436
observe()@resource://gre/modules/addons/XPIProvider.jsm:2287
GeckoDriver.prototype.quit()@driver.js:3300
despatch()@server.js:293
execute()@server.js:267
onPacket/<()@server.js:242
onPacket()@server.js:241
_onJSONObjectReady/<()@transport.js:500
JavaScript error: resource://gre/modules/Sqlite.jsm, line 826: Error: Connection is not open.
JavaScript error: resource://gre/modules/Sqlite.jsm, line 826: Error: Connection is not open.
JavaScript error: resource://gre/modules/Sqlite.jsm, line 826: Error: Connection is not open.
JavaScript error: resource://gre/modules/Sqlite.jsm, line 826: Error: Connection is not open.
JavaScript error: resource://gre/modules/Sqlite.jsm, line 826: Error: Connection is not open.
JavaScript error: resource://gre/modules/Sqlite.jsm, line 826: Error: Connection is not open.
JavaScript error: resource://gre/modules/Sqlite.jsm, line 826: Error: Connection is not open.
console.error: PushService: 
  clearOriginData: Error clearing origin data:
  UnknownError
console.error: PushService: 
  stateChangeProcessEnqueue: Error transitioning state
  UnknownError
*** UTM:SVC TimerManager:registerTimer called after profile-before-change notification. Ignoring timer registration for id: telemetry_modules_ping
