1528875604154	geckodriver	INFO	geckodriver 0.20.1
1528875604158	geckodriver	INFO	Listening on 127.0.0.1:54740
1528875605161	mozrunner::runner	INFO	Running command: "/usr/bin/firefox" "-marionette" "-profile" "/tmp/rust_mozprofile.AxcQWqaDonQ7"
1528929535007	geckodriver	INFO	geckodriver 0.20.1
1528929535010	geckodriver	INFO	Listening on 127.0.0.1:46077
1528929536015	mozrunner::runner	INFO	Running command: "/usr/bin/firefox" "-marionette" "-profile" "/tmp/rust_mozprofile.2FSR2rLszgRA"
1528929539404	Marionette	INFO	Listening on port 41360
1528929539427	Marionette	WARN	TLS certificate errors will be ignored for this session
1528929539778	addons.xpi	WARN	Exception running bootstrap method shutdown on activity-stream@mozilla.org: [Exception... "Component returned failure code: 0x80004005 (NS_ERROR_FAILURE) [nsIObserverService.removeObserver]"  nsresult: "0x80004005 (NS_ERROR_FAILURE)"  location: "JS frame :: resource://activity-stream/lib/SnippetsFeed.jsm :: uninit :: line 185"  data: no] Stack trace: uninit()@resource://activity-stream/lib/SnippetsFeed.jsm:185
onAction()@resource://activity-stream/lib/SnippetsFeed.jsm:201
_middleware/</<()@resource://activity-stream/lib/Store.jsm:49
Store/this[method]()@resource://activity-stream/lib/Store.jsm:28
uninit()@resource://activity-stream/lib/Store.jsm:151
uninit()@resource://activity-stream/lib/ActivityStream.jsm:300
uninit()@resource://gre/modules/addons/XPIProvider.jsm -> jar:file:///usr/lib/firefox/browser/features/activity-stream@mozilla.org.xpi!/bootstrap.js:73
shutdown()@resource://gre/modules/addons/XPIProvider.jsm -> jar:file:///usr/lib/firefox/browser/features/activity-stream@mozilla.org.xpi!/bootstrap.js:169
callBootstrapMethod()@resource://gre/modules/addons/XPIProvider.jsm:4436
observe()@resource://gre/modules/addons/XPIProvider.jsm:2287
GeckoDriver.prototype.quit()@driver.js:3300
despatch()@server.js:293
execute()@server.js:267
onPacket/<()@server.js:242
onPacket()@server.js:241
_onJSONObjectReady/<()@transport.js:500
JavaScript error: resource://gre/modules/Sqlite.jsm, line 826: Error: Connection is not open.
JavaScript error: resource://gre/modules/Sqlite.jsm, line 826: Error: Connection is not open.
JavaScript error: resource://gre/modules/Sqlite.jsm, line 826: Error: Connection is not open.
JavaScript error: resource://gre/modules/Sqlite.jsm, line 826: Error: Connection is not open.
JavaScript error: resource://gre/modules/Sqlite.jsm, line 826: Error: Connection is not open.
JavaScript error: resource://gre/modules/Sqlite.jsm, line 826: Error: Connection is not open.
JavaScript error: resource://gre/modules/Sqlite.jsm, line 826: Error: Connection is not open.
JavaScript error: resource://gre/modules/Sqlite.jsm, line 826: Error: Connection is not open.
console.error: PushService: 
  clearOriginData: Error clearing origin data:
  UnknownError
console.error: PushService: 
  stateChangeProcessEnqueue: Error transitioning state
  UnknownError
*** UTM:SVC TimerManager:registerTimer called after profile-before-change notification. Ignoring timer registration for id: telemetry_modules_ping
1529238494293	geckodriver	INFO	geckodriver 0.20.1
1529238494328	geckodriver	INFO	Listening on 127.0.0.1:36963
1529238494371	mozrunner::runner	INFO	Running command: "/usr/bin/firefox" "-marionette" "-profile" "/tmp/rust_mozprofile.cQOKxmnDUtbj"
1529238498537	Marionette	INFO	Listening on port 39539
1529238498584	Marionette	WARN	TLS certificate errors will be ignored for this session
1529238499116	addons.xpi	WARN	Exception running bootstrap method shutdown on activity-stream@mozilla.org: [Exception... "Component returned failure code: 0x80004005 (NS_ERROR_FAILURE) [nsIObserverService.removeObserver]"  nsresult: "0x80004005 (NS_ERROR_FAILURE)"  location: "JS frame :: resource://activity-stream/lib/SnippetsFeed.jsm :: uninit :: line 185"  data: no] Stack trace: uninit()@resource://activity-stream/lib/SnippetsFeed.jsm:185
onAction()@resource://activity-stream/lib/SnippetsFeed.jsm:201
_middleware/</<()@resource://activity-stream/lib/Store.jsm:49
Store/this[method]()@resource://activity-stream/lib/Store.jsm:28
uninit()@resource://activity-stream/lib/Store.jsm:151
uninit()@resource://activity-stream/lib/ActivityStream.jsm:300
uninit()@resource://gre/modules/addons/XPIProvider.jsm -> jar:file:///usr/lib/firefox/browser/features/activity-stream@mozilla.org.xpi!/bootstrap.js:73
shutdown()@resource://gre/modules/addons/XPIProvider.jsm -> jar:file:///usr/lib/firefox/browser/features/activity-stream@mozilla.org.xpi!/bootstrap.js:169
callBootstrapMethod()@resource://gre/modules/addons/XPIProvider.jsm:4436
observe()@resource://gre/modules/addons/XPIProvider.jsm:2287
GeckoDriver.prototype.quit()@driver.js:3300
despatch()@server.js:293
execute()@server.js:267
onPacket/<()@server.js:242
onPacket()@server.js:241
_onJSONObjectReady/<()@transport.js:500
JavaScript error: resource://gre/modules/Sqlite.jsm, line 826: Error: Connection is not open.
JavaScript error: resource://gre/modules/Sqlite.jsm, line 826: Error: Connection is not open.
JavaScript error: resource://gre/modules/Sqlite.jsm, line 826: Error: Connection is not open.
JavaScript error: resource://gre/modules/Sqlite.jsm, line 826: Error: Connection is not open.
JavaScript error: resource://gre/modules/Sqlite.jsm, line 826: Error: Connection is not open.
JavaScript error: resource://gre/modules/Sqlite.jsm, line 826: Error: Connection is not open.
JavaScript error: resource://gre/modules/Sqlite.jsm, line 826: Error: Connection is not open.
JavaScript error: resource://gre/modules/Sqlite.jsm, line 826: Error: Connection is not open.
console.error: PushService: 
  clearOriginData: Error clearing origin data:
  UnknownError
console.error: PushService: 
  stateChangeProcessEnqueue: Error transitioning state
  UnknownError
*** UTM:SVC TimerManager:registerTimer called after profile-before-change notification. Ignoring timer registration for id: telemetry_modules_ping
1529328658651	geckodriver	INFO	geckodriver 0.20.1
1529328658703	geckodriver	INFO	Listening on 127.0.0.1:47218
1529328659658	mozrunner::runner	INFO	Running command: "/usr/bin/firefox" "-marionette" "-profile" "/tmp/rust_mozprofile.oO7gtUIqY7Su"
1529328662809	Marionette	INFO	Listening on port 46491
1529328662888	Marionette	WARN	TLS certificate errors will be ignored for this session
1529328663341	addons.xpi	WARN	Exception running bootstrap method shutdown on activity-stream@mozilla.org: [Exception... "Component returned failure code: 0x80004005 (NS_ERROR_FAILURE) [nsIObserverService.removeObserver]"  nsresult: "0x80004005 (NS_ERROR_FAILURE)"  location: "JS frame :: resource://activity-stream/lib/SnippetsFeed.jsm :: uninit :: line 185"  data: no] Stack trace: uninit()@resource://activity-stream/lib/SnippetsFeed.jsm:185
onAction()@resource://activity-stream/lib/SnippetsFeed.jsm:201
_middleware/</<()@resource://activity-stream/lib/Store.jsm:49
Store/this[method]()@resource://activity-stream/lib/Store.jsm:28
uninit()@resource://activity-stream/lib/Store.jsm:151
uninit()@resource://activity-stream/lib/ActivityStream.jsm:300
uninit()@resource://gre/modules/addons/XPIProvider.jsm -> jar:file:///usr/lib/firefox/browser/features/activity-stream@mozilla.org.xpi!/bootstrap.js:73
shutdown()@resource://gre/modules/addons/XPIProvider.jsm -> jar:file:///usr/lib/firefox/browser/features/activity-stream@mozilla.org.xpi!/bootstrap.js:169
callBootstrapMethod()@resource://gre/modules/addons/XPIProvider.jsm:4436
observe()@resource://gre/modules/addons/XPIProvider.jsm:2287
GeckoDriver.prototype.quit()@driver.js:3300
despatch()@server.js:293
execute()@server.js:267
onPacket/<()@server.js:242
onPacket()@server.js:241
_onJSONObjectReady/<()@transport.js:500
JavaScript error: resource://gre/modules/Sqlite.jsm, line 826: Error: Connection is not open.
JavaScript error: resource://gre/modules/Sqlite.jsm, line 826: Error: Connection is not open.
JavaScript error: resource://gre/modules/Sqlite.jsm, line 826: Error: Connection is not open.
JavaScript error: resource://gre/modules/Sqlite.jsm, line 826: Error: Connection is not open.
JavaScript error: resource://gre/modules/Sqlite.jsm, line 826: Error: Connection is not open.
JavaScript error: resource://gre/modules/Sqlite.jsm, line 826: Error: Connection is not open.
JavaScript error: resource://gre/modules/Sqlite.jsm, line 826: Error: Connection is not open.
JavaScript error: resource://gre/modules/Sqlite.jsm, line 826: Error: Connection is not open.
*** UTM:SVC TimerManager:registerTimer called after profile-before-change notification. Ignoring timer registration for id: telemetry_modules_ping
1529328682487	geckodriver	INFO	geckodriver 0.20.1
1529328682490	geckodriver	INFO	Listening on 127.0.0.1:36499
1529328683492	mozrunner::runner	INFO	Running command: "/usr/bin/firefox" "-marionette" "-profile" "/tmp/rust_mozprofile.0spVoWxfWzR2"
1529328687343	Marionette	INFO	Listening on port 46516
1529328687412	Marionette	WARN	TLS certificate errors will be ignored for this session
1529328687854	addons.xpi	WARN	Exception running bootstrap method shutdown on activity-stream@mozilla.org: [Exception... "Component returned failure code: 0x80004005 (NS_ERROR_FAILURE) [nsIObserverService.removeObserver]"  nsresult: "0x80004005 (NS_ERROR_FAILURE)"  location: "JS frame :: resource://activity-stream/lib/SnippetsFeed.jsm :: uninit :: line 185"  data: no] Stack trace: uninit()@resource://activity-stream/lib/SnippetsFeed.jsm:185
onAction()@resource://activity-stream/lib/SnippetsFeed.jsm:201
_middleware/</<()@resource://activity-stream/lib/Store.jsm:49
Store/this[method]()@resource://activity-stream/lib/Store.jsm:28
uninit()@resource://activity-stream/lib/Store.jsm:151
uninit()@resource://activity-stream/lib/ActivityStream.jsm:300
uninit()@resource://gre/modules/addons/XPIProvider.jsm -> jar:file:///usr/lib/firefox/browser/features/activity-stream@mozilla.org.xpi!/bootstrap.js:73
shutdown()@resource://gre/modules/addons/XPIProvider.jsm -> jar:file:///usr/lib/firefox/browser/features/activity-stream@mozilla.org.xpi!/bootstrap.js:169
callBootstrapMethod()@resource://gre/modules/addons/XPIProvider.jsm:4436
observe()@resource://gre/modules/addons/XPIProvider.jsm:2287
GeckoDriver.prototype.quit()@driver.js:3300
despatch()@server.js:293
execute()@server.js:267
onPacket/<()@server.js:242
onPacket()@server.js:241
_onJSONObjectReady/<()@transport.js:500
JavaScript error: resource://gre/modules/Sqlite.jsm, line 826: Error: Connection is not open.
JavaScript error: resource://gre/modules/Sqlite.jsm, line 826: Error: Connection is not open.
JavaScript error: resource://gre/modules/Sqlite.jsm, line 826: Error: Connection is not open.
JavaScript error: resource://gre/modules/Sqlite.jsm, line 826: Error: Connection is not open.
JavaScript error: resource://gre/modules/Sqlite.jsm, line 826: Error: Connection is not open.
JavaScript error: resource://gre/modules/Sqlite.jsm, line 826: Error: Connection is not open.
JavaScript error: resource://gre/modules/Sqlite.jsm, line 826: Error: Connection is not open.
JavaScript error: resource://gre/modules/Sqlite.jsm, line 826: Error: Connection is not open.
console.error: PushService: 
  clearOriginData: Error clearing origin data:
  UnknownError
console.error: PushService: 
  stateChangeProcessEnqueue: Error transitioning state
  UnknownError
*** UTM:SVC TimerManager:registerTimer called after profile-before-change notification. Ignoring timer registration for id: telemetry_modules_ping
